0000000000000000 0000000000000401 b __fixedpath
0000000000000000 A __start__
0000000000000000 T _start
0000000000000000 b _TLS_MODULE_BASE_
0000000000000080 t startup
00000000000000a4 t bssclr_start
00000000000000cc t bss_loop
0000000000000120 T __nx_exit
0000000000000130 T __nx_mod0
0000000000000150 T _init
00000000000001c0 0000000000000038 T exit
0000000000000200 0000000000000198 T main
0000000000000398 t deregister_tm_clones
00000000000003c8 t register_tm_clones
0000000000000400 t __do_global_dtors_aux
0000000000000408 0000000000002000 b tmp_buffer.7030
0000000000000448 t frame_dummy
0000000000000480 00000000000000e4 T clean
0000000000000570 0000000000000868 T printGame
0000000000000de0 00000000000000b8 T newGame
0000000000000ea0 0000000000000b98 T readInput
0000000000001a40 000000000000022c t ipcParse
0000000000001c70 0000000000000034 t ipcCloseObjectById
0000000000001cb0 00000000000001d8 t _appletGetSession
0000000000001e90 000000000000019c t _appletReceiveMessage
0000000000002030 000000000000018c t _appletGetPerformanceMode.constprop.35
00000000000021c0 0000000000000164 t _appletSetOperationModeChangedNotification.constprop.37
0000000000002330 0000000000000164 t _appletSetPerformanceModeChangedNotification.constprop.38
0000000000002408 0000000000002000 b tmp_buffer.7054
00000000000024a0 000000000000016c t _appletSetOutOfFocusSuspendingEnabled
0000000000002610 0000000000000178 t _appletGetHandle.constprop.33
0000000000002790 0000000000000054 t _appletGetEvent.constprop.32
00000000000027f0 000000000000017c t _appletSetFocusHandlingMode
0000000000002970 00000000000001f0 t _appletGetSessionProxy.constprop.31
0000000000002b60 00000000000000c4 t ipcConvertSessionToDomain
0000000000002c30 000000000000010c t ipcCloneSession.constprop.42
0000000000002d40 0000000000000384 t _appletCmdNoIO
00000000000030d0 0000000000000394 t _appletCmdNoInOut64
0000000000003470 00000000000003ac t _appletGetCurrentFocusState.constprop.36
0000000000003820 00000000000003ac t _appletGetOperationMode.constprop.34
0000000000003bd0 0000000000000010 T appletGetAppletType
0000000000003be0 00000000000000ec T appletSetFocusHandlingMode
0000000000003cd0 0000000000000028 T appletGetAppletResourceUserId
0000000000003d00 00000000000001b0 T appletNotifyRunning
0000000000003eb0 00000000000001a8 T appletSetGamePlayRecordingState
0000000000004060 000000000000069c T appletExit
0000000000004700 00000000000004f0 T appletInitialize
0000000000004bf0 0000000000000010 t _appletExitProcess
0000000000004c00 0000000000000014 T appletCreateManagedDisplayLayer
0000000000004c20 000000000000017c T appletMainLoop
0000000000004da0 0000000000000034 t ipcCloseObjectById
0000000000004de0 0000000000000124 t _hidGetSharedMemoryHandle.constprop.10
0000000000004f10 0000000000000134 t _hidCreateAppletResource.constprop.9
0000000000005050 0000000000000100 t _hidCmdWithNoInput
0000000000005150 000000000000010c t _hidCmdWithInputU32
0000000000005260 0000000000000108 t _hidCmdWithInputU64.constprop.11
0000000000005370 00000000000001d0 T hidReset
0000000000005540 000000000000000c T hidGetSharedmemAddr
0000000000005550 000000000000006c T hidKeysDown
00000000000055c0 000000000000000c T hidTouchCount
00000000000055d0 0000000000000560 T hidScanInput
0000000000005b30 0000000000000198 T hidSetSupportedNpadIdType
0000000000005cd0 000000000000000c T hidSetSupportedNpadStyleSet
0000000000005ce0 0000000000000008 T hidSetNpadJoyHoldType
0000000000005cf0 000000000000000c T hidSetNpadJoyAssignmentModeDual
0000000000005d00 000000000000012c T hidExit
0000000000005e30 0000000000000168 T hidInitialize
0000000000005fa0 0000000000000034 t ipcCloseObjectById
0000000000005fe0 0000000000000124 t _apmGetSession.constprop.4
0000000000006110 00000000000000f0 T apmExit
0000000000006200 000000000000008c T apmInitialize
0000000000006290 00000000000000cc T apmSetPerformanceConfiguration
0000000000006360 0000000000000044 T smAddOverrideHandle
00000000000063b0 0000000000000060 T smGetServiceOverride
0000000000006410 0000000000000014 T smHasInitialized
0000000000006430 000000000000005c T smExit
0000000000006490 0000000000000038 T smEncodeName
00000000000064d0 000000000000012c T smGetServiceOriginal
0000000000006600 0000000000000158 T smInitialize
0000000000006760 0000000000000074 T smGetService
00000000000067e0 0000000000000140 t _fatalImpl
0000000000006920 0000000000000014 T fatalWithType
0000000000006940 0000000000000014 T fatalSimple
0000000000006960 0000000000000034 t ipcCloseObjectById
00000000000069a0 0000000000000044 T setInitialize
00000000000069f0 000000000000009c T setExit
0000000000006a90 00000000000000ec T setGetLanguageCode
0000000000006b80 0000000000000004 T setGetSystemLanguage
0000000000006b90 0000000000000108 T setGetAvailableLanguageCodeCount
0000000000006ca0 00000000000001a8 T setGetAvailableLanguageCodes
0000000000006e50 0000000000000070 t setInitializeLanguageCodesCache
0000000000006ec0 000000000000008c T setMakeLanguage
0000000000006f50 0000000000000208 T envSetup
0000000000007160 0000000000000020 T envGetMainThreadHandle
0000000000007180 000000000000000c T envIsNso
0000000000007190 0000000000000014 T envHasHeapOverride
00000000000071b0 000000000000000c T envGetHeapOverrideAddr
00000000000071c0 000000000000000c T envGetHeapOverrideSize
00000000000071d0 0000000000000014 T envHasArgv
00000000000071f0 000000000000000c T envGetArgv
0000000000007200 000000000000000c T envGetExitFuncPtr
0000000000007210 000000000000000c T envSetExitFuncPtr
0000000000007220 0000000000000044 t consoleDrawChar
0000000000007270 0000000000000140 t consoleClearLine
00000000000073b0 000000000000004c t consoleNewRow
0000000000007400 0000000000000118 t consolePrintChar
0000000000007520 000000000000015c t consoleCls
0000000000007680 00000000000007e0 t con_write
0000000000007e60 000000000000011c T consoleInit
0000000000007f80 0000000000000048 T consoleExit
0000000000007fd0 0000000000000028 T consoleUpdate
0000000000008000 0000000000000070 t ConsoleSwRenderer_flushAndSwap
0000000000008070 00000000000000c4 t ConsoleSwRenderer_scrollWindow
0000000000008140 0000000000000188 t ConsoleSwRenderer_drawChar
00000000000082d0 000000000000003c t ConsoleSwRenderer_deinit
0000000000008310 00000000000000f4 t ConsoleSwRenderer_init
0000000000008410 000000000000000c W getDefaultConsoleRenderer
000000000000841c T svcSetHeapSize
0000000000008430 T svcSetMemoryAttribute
0000000000008438 T svcUnmapMemory
0000000000008440 T svcQueryMemory
0000000000008454 T svcExitProcess
000000000000845c T svcSleepThread
0000000000008464 T svcMapSharedMemory
000000000000846c T svcUnmapSharedMemory
0000000000008474 T svcCreateTransferMemory
0000000000008488 T svcCloseHandle
0000000000008490 T svcResetSignal
0000000000008498 T svcWaitSynchronization
00000000000084ac T svcArbitrateLock
00000000000084b4 T svcArbitrateUnlock
00000000000084bc T svcConnectToNamedPort
00000000000084d0 T svcSendSyncRequest
00000000000084d8 T svcBreak
00000000000084e0 T svcReturnFromException
00000000000084e8 T svcGetInfo
00000000000084fc T svcUnmapTransferMemory
0000000000008510 0000000000000180 t _CacheValues
0000000000008690 000000000000001c T kernelAbove200
00000000000086b0 000000000000001c T kernelAbove300
00000000000086d0 000000000000001c T kernelAbove400
00000000000086f0 0000000000000030 T detectDebugger
0000000000008720 00000000000000a8 T tmemCreate
00000000000087d0 0000000000000058 T tmemUnmap
0000000000008830 0000000000000068 T tmemClose
00000000000088a0 0000000000000104 t _waitLoop
00000000000089b0 0000000000000334 t _waitObjectsImpl
0000000000008cf0 000000000000000c T waitObjects
0000000000008d00 000000000000004c T rwlockReadLock
0000000000008d50 000000000000004c T rwlockReadUnlock
0000000000008da0 0000000000000008 T rwlockWriteLock
0000000000008db0 0000000000000008 T rwlockWriteUnlock
0000000000008dc0 000000000000008c T mutexLock
0000000000008e50 0000000000000030 T mutexUnlock
0000000000008e80 000000000000004c T rmutexLock
0000000000008ed0 000000000000001c T rmutexUnlock
0000000000008ef0 0000000000000014 T shmemLoadRemote
0000000000008f10 0000000000000084 T shmemMap
0000000000008fa0 0000000000000058 T shmemUnmap
0000000000009000 0000000000000044 T shmemClose
0000000000009050 000000000000007c t _GetRegionFromInfo.isra.1
00000000000090d0 0000000000000114 T virtmemSetup
00000000000091f0 000000000000013c T virtmemReserve
0000000000009330 0000000000000004 T virtmemFree
0000000000009340 000000000000000c T eventLoadRemote
0000000000009350 0000000000000038 T eventWait
0000000000009390 0000000000000050 T eventClose
00000000000093e0 000000000000000c T nwindowGetDefault
00000000000093f0 00000000000000c8 T __nx_win_init
00000000000094c0 0000000000000034 T __nx_win_exit
0000000000009500 0000000000000080 T framebufferMakeLinear
0000000000009580 0000000000000078 T framebufferClose
0000000000009600 0000000000000298 T framebufferCreate
00000000000098a0 0000000000000080 T framebufferBegin
0000000000009920 000000000000017c T framebufferEnd
0000000000009aa0 0000000000000054 t _nwindowConnect
0000000000009b00 0000000000000040 t _nwindowDisconnect
0000000000009b40 0000000000000024 T nwindowIsValid
0000000000009b70 000000000000006c T nwindowClose
0000000000009be0 00000000000000c4 T nwindowCreate
0000000000009cb0 000000000000000c T nwindowCreateFromLayer
0000000000009cc0 0000000000000088 T nwindowSetDimensions
0000000000009d50 0000000000000154 T nwindowConfigureBuffer
0000000000009eb0 00000000000001e4 T nwindowDequeueBuffer
000000000000a0a0 0000000000000144 T nwindowQueueBuffer
000000000000a1f0 00000000000000ac T nwindowReleaseBuffers
000000000000a2a0 00000000000000a0 T __nx_dynamic
000000000000a340 00000000000000d8 W __libnx_initheap
000000000000a420 00000000000000a0 W __appInit
000000000000a4c0 0000000000000044 W __appExit
000000000000a510 0000000000000028 W __libnx_init
000000000000a540 0000000000000020 W __libnx_exit
000000000000a560 0000000000000008 t mutexInit
000000000000a570 000000000000000c t rmutexInit
000000000000a580 000000000000008c T __libnx_gtod
000000000000a610 0000000000000020 T __libnx_clock_settime
000000000000a630 0000000000000028 T __libnx_nanosleep
000000000000a660 0000000000000034 t __libnx_get_reent
000000000000a6a0 00000000000000f8 T __libnx_clock_gettime
000000000000a7a0 0000000000000058 T __libnx_clock_getres
000000000000a800 000000000000027c T __libnx_init_time
000000000000aa80 0000000000000118 T newlibSetup
000000000000aba0 0000000000000368 T argvSetup
000000000000af10 0000000000000010 t fsdev_link
000000000000af20 0000000000000010 t fsdev_dirreset
000000000000af30 0000000000000010 t fsdev_chmod
000000000000af40 000000000000001c t error_cmp
000000000000af60 0000000000000058 t fsdev_translate_error
000000000000afc0 0000000000000040 t fsdev_fsync
000000000000b000 0000000000000060 t fsdev_ftruncate
000000000000b060 0000000000000020 t fsdev_dirclose
000000000000b080 000000000000016c t fsdev_dirnext
000000000000b1f0 000000000000001c t fsdev_close
000000000000b210 00000000000000a4 t fsdev_fstat
000000000000b2c0 00000000000000b0 t fsdev_seek
000000000000b370 0000000000000198 t fsdev_read
000000000000b510 00000000000001a0 t fsdev_write
000000000000b6b0 0000000000000120 t fsdevFindDevice
000000000000b7d0 0000000000000168 t _fsdevMountDevice
000000000000b940 00000000000001fc t fsdev_getfspath
000000000000bb40 0000000000000070 t fsdev_rmdir
000000000000bbb0 00000000000000d4 t fsdev_statvfs
000000000000bc90 00000000000000ec t fsdev_diropen
000000000000bd80 0000000000000070 t fsdev_mkdir
000000000000bdf0 0000000000000114 t fsdev_rename
000000000000bf10 00000000000000e8 t fsdev_chdir
000000000000c000 0000000000000070 t fsdev_unlink
000000000000c070 00000000000001bc t fsdev_stat
000000000000c230 000000000000019c t fsdev_open
000000000000c3d0 00000000000000b8 t _fsdevUnmountDeviceStruct.part.4
000000000000c490 0000000000000010 t fsdev_fchmod
000000000000c4a0 0000000000000158 T fsdevMountSdmc
000000000000c600 0000000000000064 T fsdevUnmountAll
000000000000c670 000000000000012c T decode_utf8
000000000000c79c T armDCacheFlush
000000000000c7c0 t armDCacheFlush_L0
000000000000c7d8 W __libnx_exception_entry
000000000000c864 t __libnx_exception_entry_start
000000000000c98c t __libnx_exception_entry_abort
000000000000c990 t __libnx_exception_entry_end
000000000000c998 T __libnx_exception_returnentry
000000000000c9b0 T __aarch64_read_tp
000000000000c9c0 0000000000000034 t ipcCloseObjectById
000000000000ca00 000000000000012c t _timeGetSession
000000000000cb30 00000000000001ec T timeExit
000000000000cd20 00000000000000d8 T timeInitialize
000000000000ce00 0000000000000124 T timeGetCurrentTime
000000000000cf30 0000000000000118 T timeToCalendarTimeWithMyRule
000000000000d050 0000000000000034 t ipcCloseObjectById
000000000000d090 0000000000000134 t _viGetSession.constprop.7
000000000000d1d0 00000000000001e4 T viExit
000000000000d3c0 00000000000002d4 T viInitialize
000000000000d6a0 000000000000000c T viGetSession_IHOSBinderDriverRelay
000000000000d6b0 0000000000000140 T viOpenDisplay
000000000000d7f0 0000000000000104 T viCloseDisplay
000000000000d900 0000000000000104 T viCloseLayer
000000000000da10 0000000000000334 T viCreateLayer
000000000000dd50 00000000000000e8 T viSetLayerScalingMode
000000000000de40 0000000000000220 t ipcPrepareHeader
000000000000e060 000000000000022c t ipcParse
000000000000e290 00000000000000b0 t serviceIpcParse
000000000000e340 0000000000000034 t ipcCloseObjectById
000000000000e380 0000000000000200 T fsInitialize
000000000000e580 000000000000009c T fsExit
000000000000e620 000000000000013c T fsMountSdcard
000000000000e760 0000000000000120 T fsFsCreateFile
000000000000e880 0000000000000118 T fsFsDeleteFile
000000000000e9a0 0000000000000118 T fsFsCreateDirectory
000000000000eac0 0000000000000118 T fsFsDeleteDirectory
000000000000ebe0 0000000000000190 T fsFsRenameFile
000000000000ed70 0000000000000190 T fsFsRenameDirectory
000000000000ef00 000000000000012c T fsFsGetEntryType
000000000000f030 0000000000000150 T fsFsOpenFile
000000000000f180 0000000000000150 T fsFsOpenDirectory
000000000000f2d0 000000000000012c T fsFsGetFreeSpace
000000000000f400 000000000000012c T fsFsGetTotalSpace
000000000000f530 0000000000000190 T fsFsGetFileTimeStampRaw
000000000000f6c0 000000000000006c T fsFsClose
000000000000f730 0000000000000170 T fsFileRead
000000000000f8a0 000000000000010c T fsFileWrite
000000000000f9b0 00000000000000e8 T fsFileFlush
000000000000faa0 00000000000000f0 T fsFileSetSize
000000000000fb90 0000000000000100 T fsFileGetSize
000000000000fc90 000000000000006c T fsFileClose
000000000000fd00 000000000000006c T fsDirClose
000000000000fd70 000000000000016c T fsDirRead
000000000000fee0 0000000000000034 t ipcCloseObjectById
000000000000ff20 00000000000000c8 t ipcQueryPointerBufferSize.constprop.10
000000000000fff0 000000000000010c t ipcCloneSession.constprop.9
0000000000010100 00000000000000d8 t _nvSetClientPID
00000000000101e0 00000000000000f0 t _nvInitialize.constprop.8
00000000000102d0 0000000000000100 T nvExit
00000000000103d0 0000000000000184 T nvInitialize
0000000000010560 000000000000012c T nvConvertError
0000000000010690 000000000000012c T nvOpen
00000000000107c0 0000000000000270 T nvIoctl
0000000000010a30 00000000000000dc T nvClose
0000000000010b10 000000000000015c T nvQueryEvent
0000000000010c70 0000000000000060 t _nvFenceEventWaitCommon
0000000000010cd0 000000000000005c T nvFenceInit
0000000000010d30 0000000000000098 T nvFenceExit
0000000000010dd0 00000000000001e0 T nvFenceWait
0000000000010fb0 000000000000007c T nvMultiFenceWait
0000000000011030 000000000000006c T nvMapInit
00000000000110a0 0000000000000068 T nvMapExit
0000000000011110 0000000000000084 T nvMapClose
00000000000111a0 0000000000000150 T nvMapCreate
00000000000112f0 0000000000000024 T nvioctlNvhostCtrl_EventSignal
0000000000011320 000000000000003c T nvioctlNvhostCtrl_EventWait
0000000000011360 0000000000000028 T nvioctlNvhostCtrl_EventWaitAsync
0000000000011390 0000000000000024 T nvioctlNvhostCtrl_EventRegister
00000000000113c0 0000000000000024 T nvioctlNvhostCtrl_EventUnregister
00000000000113f0 000000000000003c T nvioctlNvmap_Create
0000000000011430 0000000000000030 T nvioctlNvmap_Alloc
0000000000011460 0000000000000030 T nvioctlNvmap_Free
0000000000011490 000000000000003c T nvioctlNvmap_GetId
00000000000114d0 00000000000000e8 T bqRequestBuffer
00000000000115c0 0000000000000154 T bqDequeueBuffer
0000000000011720 000000000000009c T bqDetachBuffer
00000000000117c0 00000000000000e0 T bqQueueBuffer
00000000000118a0 0000000000000090 T bqCancelBuffer
0000000000011930 00000000000000e4 T bqConnect
0000000000011a20 000000000000009c T bqDisconnect
0000000000011ac0 0000000000000178 T bqSetPreallocatedBuffer
0000000000011c40 0000000000000248 t _binderTransactParcelAuto
0000000000011e90 00000000000000c8 t ipcQueryPointerBufferSize
0000000000011f60 0000000000000138 t _binderTransactParcel
00000000000120a0 0000000000000014 T binderCreate
00000000000120c0 0000000000000010 T binderTransactParcel
00000000000120d0 0000000000000124 T binderConvertErrorCode
0000000000012200 00000000000000e8 T binderAdjustRefcount
00000000000122f0 0000000000000074 T binderClose
0000000000012370 00000000000000c4 T binderInitSession
0000000000012440 0000000000000144 T binderGetNativeHandle
0000000000012590 0000000000000028 T parcelCreate
00000000000125c0 000000000000019c T parcelTransact
0000000000012760 0000000000000088 T parcelWriteData
00000000000127f0 0000000000000098 T parcelReadData
0000000000012890 0000000000000020 T parcelWriteInt32
00000000000128b0 0000000000000020 T parcelWriteUInt32
00000000000128d0 0000000000000080 T parcelWriteString16
0000000000012950 0000000000000030 T parcelWriteInterfaceToken
0000000000012980 0000000000000024 T parcelReadInt32
00000000000129b0 0000000000000068 T parcelReadFlattenedObject
0000000000012a20 0000000000000044 T parcelWriteFlattenedObject
0000000000012a70 00000000000000c4 T nxlinkSetup
0000000000012b38 0000000000000038 T aligned_alloc
0000000000012b70 00000000000000b8 T bsearch
0000000000012c28 0000000000000030 T calloc
0000000000012c58 0000000000000094 T _calloc_r
0000000000012cf0 0000000000000014 T __errno
0000000000012d08 0000000000000044 T __libc_fini_array
0000000000012d50 000000000000008c T __libc_init_array
0000000000012de0 000000000000002c T __locale_mb_cur_max
0000000000012e10 0000000000000008 T __locale_ctype_ptr_l
0000000000012e18 000000000000002c T __locale_ctype_ptr
0000000000012e48 0000000000000030 T memalign
0000000000012e78 0000000000000198 T _memalign_r
0000000000013010 000000000000001c T malloc
0000000000013030 000000000000001c T free
0000000000013050 0000000000000844 T _malloc_r
0000000000013898 00000000000002c8 T __utf8_mbtowc
0000000000013b60 00000000000000d8 T memchr
0000000000013c40 000000000000016c T memcpy
0000000000013dc0 00000000000001d8 T memset
0000000000013f98 000000000000000c T __malloc_lock
0000000000013fa8 000000000000000c T __malloc_unlock
0000000000013fb8 000000000000008c T printf
0000000000014048 0000000000000038 T rand
0000000000014080 000000000000003c T setenv
00000000000140c0 0000000000000264 T _setenv_r
0000000000014328 000000000000025c T setvbuf
0000000000014588 00000000000000bc T sscanf
0000000000014648 0000000000000050 T __sread
0000000000014698 0000000000000008 T __seofread
00000000000146a0 000000000000006c T __swrite
0000000000014710 0000000000000050 T __sseek
0000000000014760 0000000000000008 T __sclose
0000000000014768 00000000000000dc T strchr
0000000000014880 00000000000000a4 T strcmp
0000000000014940 0000000000000140 T strlen
0000000000014a80 0000000000000084 T strncat
0000000000014b5c 0000000000000108 T strncmp
0000000000014c68 00000000000000a8 T strncpy
0000000000014d64 00000000000000e0 T strnlen
0000000000014e20 00000000000001d0 t _strtol_l.isra.0
0000000000014ff0 0000000000000048 T _strtol_r
0000000000015038 00000000000001e0 t _strtoul_l.isra.0
0000000000015218 0000000000000048 T _strtoul_r
0000000000015260 000000000000005c T strtoul
00000000000152bc 000000000000005c t get_arg
0000000000015318 0000000000002f48 T __ssvfscanf_r
0000000000018260 000000000000076c t get_arg
00000000000189cc 0000000000003bfc T _vfprintf_r
000000000001c5c8 00000000000000ec t __sbprintf
000000000001c6b8 00000000000000d0 T _wcrtomb_r
000000000001c788 0000000000000010 T _wcsrtombs_r
000000000001c798 00000000000000e4 T __utf8_wctomb
000000000001c880 0000000000000140 T __swsetup_r
000000000001c9c0 000000000000017c T __call_exitprocs
000000000001cb40 00000000000001a8 t quorem
000000000001cce8 00000000000010dc T _dtoa_r
000000000001ddc8 000000000000000c T __env_lock
000000000001ddd8 000000000000000c T __env_unlock
000000000001dde8 0000000000000214 T __sflush_r
000000000001e000 00000000000000b8 T _fflush_r
000000000001e0b8 0000000000000078 t std
000000000001e130 000000000000000c T _cleanup_r
000000000001e140 000000000000000c T __sfp_lock_acquire
000000000001e150 000000000000000c T __sfp_lock_release
000000000001e160 000000000000000c T __sinit_lock_acquire
000000000001e170 000000000000000c T __sinit_lock_release
000000000001e180 0000000000000080 T __sinit
000000000001e200 0000000000000118 T _malloc_trim_r
000000000001e318 00000000000002f4 T _free_r
000000000001e610 00000000000000bc T _fwalk_reent
000000000001e6d0 0000000000000100 T _findenv_r
000000000001e7d0 0000000000000084 T iswspace
000000000001e858 0000000000000244 t __jp2uc
000000000001eaa0 00000000000000d0 T _jp2uc
000000000001eb70 0000000000000008 T __localeconv_l
000000000001eb78 0000000000000028 T _localeconv_r
000000000001eba0 00000000000000a4 T __swhatbuf_r
000000000001ec48 000000000000010c T __smakebuf_r
000000000001ed58 00000000000000d8 T _mbrtowc_r
000000000001ee30 0000000000000090 T _Balloc
000000000001eec0 000000000000001c T _Bfree
000000000001eee0 00000000000000e8 T __multadd
000000000001efc8 0000000000000120 T __s2b
000000000001f0e8 000000000000005c T __hi0bits
000000000001f148 00000000000000a0 T __lo0bits
000000000001f1e8 000000000000002c T __i2b
000000000001f218 00000000000001c8 T __multiply
000000000001f3e0 0000000000000104 T __pow5mult
000000000001f4e8 0000000000000134 T __lshift
000000000001f620 0000000000000050 T __mcmp
000000000001f670 000000000000014c T __mdiff
000000000001f7c0 0000000000000068 T __ulp
000000000001f828 0000000000000150 T __b2d
000000000001f978 0000000000000138 T __d2b
000000000001fab0 00000000000000a0 T __ratio
000000000001fb50 0000000000000068 T __copybits
000000000001fbb8 0000000000000084 T __any_on
000000000001fc40 0000000000000030 T realloc
000000000001fc70 000000000000056c T _realloc_r
00000000000201e0 00000000000000bc T __sccl
00000000000202a0 000000000000000c T nanf
00000000000202b0 000000000000007c T frexp
0000000000020330 00000000000000a8 T sprintf
00000000000203d8 00000000000000c8 T stpncpy
00000000000204a0 0000000000000054 t sulp
00000000000204f8 00000000000010f0 T _strtod_l
00000000000215e8 0000000000000040 T _strtod_r
0000000000021628 00000000000001d0 t _strtoll_l.isra.0
00000000000217f8 0000000000000048 T _strtoll_r
0000000000021840 00000000000001e0 t _strtoull_l.isra.0
0000000000021a20 0000000000000048 T _strtoull_r
0000000000021a68 00000000000001c0 T __ssprint_r
0000000000021c28 00000000000000f4 T _sungetc_r
0000000000021d1c 0000000000000070 T __ssrefill_r
0000000000021d8c 00000000000000e0 T _sfread_r
0000000000021e6c 000000000000076c t get_arg
00000000000225d8 0000000000003b44 T _svfprintf_r
0000000000026120 00000000000000c8 T __submore
00000000000261e8 000000000000003c T __sprint_r
0000000000026228 00000000000001dc T _wcsnrtombs_l
0000000000026408 0000000000000054 T _wcsnrtombs_r
0000000000026460 000000000000015c T _fclose_r
00000000000265c0 00000000000004b8 T __sfvwrite_r
0000000000026a78 0000000000000114 t rshift
0000000000026b90 00000000000007e8 T __gethex
0000000000027378 0000000000000048 T __match
00000000000273c0 000000000000022c T __hexnan
0000000000027600 00000000000000ac T memmove
00000000000276b0 0000000000000008 t null_write
00000000000276b8 0000000000000018 T setDefaultDevice
00000000000276d0 00000000000000f8 T FindDevice
00000000000277c8 0000000000000034 T RemoveDevice
0000000000027800 00000000000000d8 T AddDevice
00000000000278d8 00000000000000a8 T _close_r
0000000000027980 0000000000000080 T _fstat_r
0000000000027a00 0000000000000008 T _isatty_r
0000000000027a08 0000000000000094 T _lseek_r
0000000000027aa0 00000000000000a4 T _read_r
0000000000027b48 0000000000000078 T _sbrk_r
0000000000027bc0 00000000000000a4 T _write_r
0000000000027c68 0000000000000024 T _exit
0000000000027c90 0000000000000234 T _concatenate_path
0000000000027ec8 0000000000000178 T chdir
0000000000028040 0000000000000018 T __libc_lock_acquire
0000000000028058 0000000000000018 T __libc_lock_release
0000000000028070 0000000000000018 T __libc_lock_init_recursive
0000000000028088 0000000000000018 T __libc_lock_acquire_recursive
00000000000280a0 0000000000000018 T __libc_lock_release_recursive
00000000000280b8 0000000000000018 T __libc_lock_close_recursive
00000000000280d0 000000000000003c T __free_handle
0000000000028110 0000000000000058 T __release_handle
0000000000028168 0000000000000020 T __get_handle
0000000000028188 0000000000000024 T __getreent
00000000000281b0 0000000000000150 t __extenddftf2
0000000000028300 0000000000000350 t __trunctfdf2
0000000000028650 0000000000000070 t __sfp_handle_exceptions
00000000000286c0 0000000000000100 T strrchr
00000000000287c0 T _fini
000000000002a0d8 0000000000000014 r CSWTCH.83
000000000002a238 0000000000000030 r colorTable
000000000002a268 R default_font_bin
000000000002c268 R default_font_bin_end
000000000002c268 R default_font_bin_size
000000000002c278 0000000000000038 r g_nvColorFmtTable
000000000002c2c0 0000000000000018 r error_table
000000000002c350 0000000000000023 r g_bq_InterfaceDescriptor
000000000002c4a0 0000000000000022 r basefix.6415
000000000002c650 0000000000000010 r blanks.6393
000000000002c660 0000000000000010 r zeroes.6394
000000000002c670 0000000000000101 R _ctype_
000000000002c7c8 00000000000000bc r a1
000000000002c888 00000000000000bc r a2
000000000002c948 000000000000005b r a3
000000000002c9a8 0000000000000070 r a6
000000000002ca18 00000000000000a2 r a7
000000000002cac0 0000000000000040 r a8
000000000002cb00 000000000000172a r b02cf
000000000002e230 0000000000001a7c r d02f4
000000000002fcb0 0000000000000028 R __mprec_bigtens
000000000002fcd8 00000000000000c8 R __mprec_tens
000000000002fda0 000000000000000c r p05.5161
000000000002fde0 0000000000000014 r fpi.5241
000000000002fdf8 0000000000000014 r fpinan.5277
000000000002fe10 0000000000000028 r tinytens
000000000002fe38 000000000000006c R __action_table
000000000002fea8 0000000000000100 R __chclass
000000000002ffa8 000000000000006c R __state_table
0000000000030160 0000000000000010 r blanks.6378
0000000000030170 0000000000000010 r zeroes.6379
0000000000030180 0000000000000100 R __hexdig
0000000000030288 0000000000000003 R DIRECTORY_PARENT
0000000000030290 r __EH_FRAME_BEGIN__
0000000000030290 R __eh_frame_hdr_end
0000000000030290 R __eh_frame_hdr_start
0000000000035d6c r __FRAME_END__
0000000000035d70 a _DYNAMIC
0000000000039000 t __frame_dummy_init_array_entry
0000000000039000 T __init_array_start
0000000000039000 B __preinit_array_end
0000000000039000 B __preinit_array_start
0000000000039000 D __tdata_lma
0000000000039000 D __tdata_lma_end
0000000000039008 t __do_global_dtors_aux_fini_array_entry
0000000000039008 T __fini_array_start
0000000000039008 T __init_array_end
0000000000039010 T __fini_array_end
0000000000039010 T __got_start__
0000000000039010 a _GLOBAL_OFFSET_TABLE_
0000000000039350 D __got_end__
0000000000039350 0000000000000001 V __nx_applet_auto_notifyrunning
0000000000039354 0000000000000004 V __nx_applet_type
0000000000039358 0000000000000001 d firstConsoleInit.6003
0000000000039360 0000000000000058 d defaultConsole
00000000000393b8 0000000000000008 d currentConsole
00000000000393c0 00000000000000e0 d dotab_stdout
00000000000394a0 0000000000000088 d s_consoleSwRenderer
0000000000039528 0000000000000008 V __nx_exception_stack_size
0000000000039530 0000000000000401 d __cwd
0000000000039934 0000000000000004 d fsdev_fsdevice_cwd
0000000000039938 0000000000000004 d fsdev_fsdevice_default
0000000000039940 00000000000000e0 d fsdev_devoptab
0000000000039a20 0000000000000004 V __nx_vi_stray_layer_flags
0000000000039a24 0000000000000004 d g_viServiceType
0000000000039a28 0000000000000004 V __nx_nv_transfermem_size
0000000000039a2c 0000000000000004 d g_ctrl_fd
0000000000039a30 0000000000000004 d g_nvmap_fd
0000000000039a38 0000000000000008 D _impure_ptr
0000000000039a40 0000000000000768 d impure_data
000000000003a1a8 0000000000000008 D _global_impure_ptr
000000000003a1b0 00000000000001a8 D __global_locale
000000000003a358 0000000000000008 D __malloc_sbrk_base
000000000003a360 0000000000000008 D __malloc_trim_threshold
000000000003a368 0000000000000810 D __malloc_av_
000000000003ab78 0000000000000008 D environ
000000000003ab80 0000000000000004 d defaultDevice
000000000003ab88 0000000000000080 D devoptab_list
000000000003ac08 00000000000000e0 D dotab_stdnull
000000000003ace8 0000000000000400 d _current_working_directory
000000000003b0e8 0000000000000010 d __stderr_handle
000000000003b0f8 0000000000000010 d __stdin_handle
000000000003b108 0000000000000010 d __stdout_handle
000000000003b118 0000000000002000 d handles
000000000003d118 D __bss_start__
000000000003d118 D __TMC_END__
000000000003d118 b completed.7821
000000000003d120 b object.7826
000000000003d150 0000000000000008 V __nx_applet_PerformanceConfiguration
000000000003d158 0000000000000004 V __nx_applet_exit_mode
000000000003d15c 0000000000000001 b g_appletExitProcessFlag
000000000003d160 0000000000000018 b g_appletFirstHook
000000000003d178 0000000000000001 b g_appletFocusState
000000000003d180 000000000000000c b g_appletIApplicationCreator
000000000003d190 000000000000000c b g_appletIAudioController
000000000003d1a0 000000000000000c b g_appletICommonStateGetter
000000000003d1b0 000000000000000c b g_appletIDebugFunctions
000000000003d1c0 000000000000000c b g_appletIDisplayController
000000000003d1d0 000000000000000c b g_appletIFunctions
000000000003d1e0 000000000000000c b g_appletIGlobalStateController
000000000003d1f0 000000000000000c b g_appletILibraryAppletCreator
000000000003d200 000000000000000c b g_appletILibraryAppletSelfAccessor
000000000003d210 000000000000000c b g_appletIProcessWindingController
000000000003d220 000000000000000c b g_appletISelfController
000000000003d230 000000000000000c b g_appletIWindowController
000000000003d240 000000000000000c b g_appletLibraryAppletLaunchableEvent
000000000003d250 000000000000000c b g_appletMessageEvent
000000000003d25c 0000000000000001 b g_appletNotifiedRunning
000000000003d25d 0000000000000001 b g_appletOperationMode
000000000003d260 0000000000000004 b g_appletPerformanceMode
000000000003d268 000000000000000c b g_appletProxySession
000000000003d274 0000000000000004 b g_appletRecordingInitialized
000000000003d278 0000000000000028 b g_appletRecordingTmem
000000000003d2a0 0000000000000008 b g_appletResourceUserId
000000000003d2a8 000000000000000c b g_appletSrv
000000000003d2b8 0000000000000008 b g_refCnt
000000000003d2c0 0000000000000050 b g_controllerDown
000000000003d310 00000000000001e0 b g_controllerEntries
000000000003d4f0 0000000000000190 b g_controllerHeaders
000000000003d680 0000000000000050 b g_controllerHeld
000000000003d6d0 0000000000000028 b g_controllerLayout
000000000003d6f8 0000000000000050 b g_controllerOld
000000000003d748 0000000000000004 b g_controllerP1AutoID
000000000003d750 0000000000000050 b g_controllerTimestamps
000000000003d7a0 0000000000000050 b g_controllerUp
000000000003d7f0 000000000000000c b g_hidIAppletResource
000000000003d800 0000000000000020 b g_hidLock
000000000003d820 0000000000000020 b g_hidSharedmem
000000000003d840 000000000000000c b g_hidSrv
000000000003d850 0000000000000020 b g_keyboardDown
000000000003d870 0000000000000038 b g_keyboardEntry
000000000003d8a8 0000000000000020 b g_keyboardHeld
000000000003d8c8 0000000000000008 b g_keyboardModDown
000000000003d8d0 0000000000000008 b g_keyboardModHeld
000000000003d8d8 0000000000000008 b g_keyboardModOld
000000000003d8e0 0000000000000008 b g_keyboardModUp
000000000003d8e8 0000000000000020 b g_keyboardOld
000000000003d908 0000000000000008 b g_keyboardTimestamp
000000000003d910 0000000000000020 b g_keyboardUp
000000000003d930 0000000000000008 b g_mouseDown
000000000003d938 0000000000000030 b g_mouseEntry
000000000003d968 0000000000000008 b g_mouseHeld
000000000003d970 0000000000000008 b g_mouseOld
000000000003d978 0000000000000008 b g_mouseTimestamp
000000000003d980 0000000000000008 b g_mouseUp
000000000003d988 0000000000000008 b g_refCnt
000000000003d990 000000000000000a b g_sixaxisEnabled
000000000003d9a0 0000000000004650 b g_sixaxisLayouts
0000000000041ff0 0000000000000298 b g_touchEntry
0000000000042288 0000000000000008 b g_touchTimestamp
0000000000042290 000000000000000c b g_apmISession
00000000000422a0 000000000000000c b g_apmSrv
00000000000422b0 0000000000000008 b g_refCnt
00000000000422b8 0000000000000008 b g_refCnt
00000000000422c0 0000000000000004 b g_smHandle
00000000000422c8 0000000000000200 b g_smOverrides
00000000000424c8 0000000000000008 b g_smOverridesNum
00000000000424d0 0000000000000008 b g_refCnt
00000000000424d8 0000000000000200 b g_setLanguageCodes
00000000000426d8 0000000000000001 b g_setLanguageCodesInitialized
00000000000426dc 0000000000000004 b g_setLanguageCodesTotal
00000000000426e0 000000000000000c b g_setSrv
00000000000426ec 0000000000000001 b g_hasRandomSeed
00000000000426ed 0000000000000001 b g_isNso
00000000000426f0 0000000000000004 b g_lastLoadResult
00000000000426f8 0000000000000008 b g_loaderRetAddr
0000000000042700 0000000000000004 b g_mainThreadHandle
0000000000042708 0000000000000008 b g_nextLoadArgv
0000000000042710 0000000000000008 b g_nextLoadPath
0000000000042718 0000000000000008 b g_overrideArgv
0000000000042720 0000000000000008 b g_overrideHeapAddr
0000000000042728 0000000000000008 b g_overrideHeapSize
0000000000042730 0000000000000004 b g_processHandle
0000000000042738 0000000000000010 b g_randomSeed
0000000000042748 0000000000000010 b g_syscallHints
0000000000042758 0000000000000058 b currentCopy
00000000000427b0 0000000000000001 b g_HasCached
00000000000427b1 0000000000000001 b g_IsAbove200
00000000000427b2 0000000000000001 b g_IsAbove300
00000000000427b3 0000000000000001 b g_IsAbove400
00000000000427b4 0000000000000001 b g_IsAbove500
00000000000427b5 0000000000000001 b g_IsAbove600
00000000000427b8 0000000000000004 b g_Mutex
00000000000427c0 0000000000000010 b g_AddressSpace
00000000000427d0 0000000000000008 b g_CurrentAddr
00000000000427d8 0000000000000030 b g_Region
0000000000042808 0000000000000004 b g_VirtMemMutex
0000000000042810 0000000000000078 b g_defaultWin
0000000000042888 0000000000000050 b g_viDisplay
00000000000428d8 0000000000000010 b g_viLayer
00000000000428e8 0000000000000004 V __nx_exception_ignoredebug
00000000000428f0 0000000000000400 V __nx_exception_stack
0000000000042cf0 0000000000000008 V __nx_heap_size
0000000000042cf8 0000000000000008 b __bootticks
0000000000042d00 0000000000000008 b __boottime
0000000000042d08 0000000000000004 V __nx_time_type
0000000000042d10 0000000000000008 b g_argv_empty
0000000000042d18 0000000000002300 b fsdev_fsdevices
0000000000045018 0000000000000001 b fsdev_initialised
0000000000045020 0000000000000008 b g_refCnt
0000000000045028 000000000000000c b g_timeLocalSystemClock
0000000000045038 000000000000000c b g_timeNetworkSystemClock
0000000000045048 000000000000000c b g_timeSrv
0000000000045058 000000000000000c b g_timeTimeZoneService
0000000000045068 000000000000000c b g_timeUserSystemClock
0000000000045078 0000000000000008 V __nx_vi_layer_id
0000000000045080 000000000000000c b g_viIApplicationDisplayService
0000000000045090 000000000000000c b g_viIHOSBinderDriverIndirect
00000000000450a0 000000000000000c b g_viIHOSBinderDriverRelay
00000000000450b0 000000000000000c b g_viIManagerDisplayService
00000000000450c0 000000000000000c b g_viISystemDisplayService
00000000000450d0 000000000000000c b g_fsSrv
00000000000450e0 0000000000000008 b g_refCnt
00000000000450e8 0000000000000008 b g_nvIpcBufferSize
00000000000450f0 000000000000000c b g_nvSrv
0000000000045100 000000000000000c b g_nvSrvClone
0000000000045110 0000000000000028 b g_nvTransfermem
0000000000045138 0000000000000008 b g_refCnt
0000000000045140 0000000000000008 b g_NvEventUsedMask
0000000000045148 0000000000000300 b g_NvEvents
0000000000045448 0000000000000008 b g_refCnt
0000000000045450 0000000000000008 b g_refCnt
0000000000045458 0000000000000028 B __malloc_current_mallinfo
0000000000045480 0000000000000008 B __malloc_max_sbrked_mem
0000000000045488 0000000000000008 B __malloc_max_total_mem
0000000000045490 0000000000000008 B __malloc_top_pad
0000000000045498 000000000000000c b __malloc_recursive_mutex
00000000000454a4 0000000000000004 b alloced.4037
00000000000454a8 000000000000000c B __atexit_recursive_mutex
00000000000454b8 0000000000000008 b initial_env
00000000000454c0 000000000000000c b __env_recursive_mutex
00000000000454d0 000000000000000c b __sfp_recursive_mutex
00000000000454e0 000000000000000c b __sinit_recursive_mutex
00000000000454f0 0000000000000008 b heap_start.5228
00000000000454f8 0000000000000008 B fake_heap_end
0000000000045500 0000000000000008 B fake_heap_start
0000000000045508 0000000000000400 b temp_cwd
0000000000045908 0000000000000090 B __syscalls
0000000000045998 0000000000000004 b __hndl_lock
00000000000459a0 0000000000000004 B nombre_accouplement
00000000000459a4 0000000000000004 B PRIX_HAMSTER
00000000000459a8 0000000000000001 B mode_intro
00000000000459ac 0000000000000004 B MORTS_FAIM
00000000000459b0 000000000000000c B FEMELLES
00000000000459bc 0000000000000004 B nourriture_a_acheter
00000000000459c0 0000000000000004 B mode_game
00000000000459c4 0000000000000004 B Language
00000000000459c8 0000000000000004 B NOURRITURE
00000000000459d0 0000000000000008 B LanguageCode
00000000000459d8 0000000000000004 B achats_cages_males
00000000000459dc 0000000000000004 B selection
00000000000459e0 0000000000000004 B achats_cages_femelles
00000000000459e4 0000000000000004 B MORTS_ETOUFFES
00000000000459e8 000000000000000c B MALES
00000000000459f4 0000000000000001 B error
00000000000459f8 0000000000000004 B langue
00000000000459fc 0000000000000004 B SCORE
0000000000045a00 0000000000000004 B CAISSE
0000000000045a04 0000000000000004 B kDown
0000000000045a08 0000000000000001 B Mois
0000000000045a0c 0000000000000004 B males_a_vendre
0000000000045a10 0000000000000004 B femelles_a_vendre
0000000000045a20 0000000000000340 B __nx_exceptiondump
0000000000045d60 0000000000000008 B __stack_top
0000000000045d68 0000000000000008 B __system_argv
0000000000045d70 0000000000000004 B __system_argc
0000000000045d78 0000000000000004 B __nxlink_host
0000000000045d80 B __tls_start
000000000004a188 B __bss_end__
000000000004a188 A __end__
000000000004a188 B __tls_end
000000000004b000 A __argdata__
